------------------
Mon Mar 11 01:38:38 2024

Labelled data successfully saved to data\labelled-312-20240101.json

Successfully labelled. Totally 174 numbers of data labelled.
------------------
Mon Mar 11 13:20:07 2024
0 numbers of invalid (zero) data found.

Labelled data successfully saved to data\labelled-312-20240101.json


Labelled data successfully saved to data\labelled-312-20240101.json


Labelled data successfully saved to data\labelled-312-20240101.json

------------------
Mon Mar 11 16:03:07 2024

Labelled data successfully saved to data\labelled-312-20240101.json

418 numbers of data within transportation turned into invalid.
------------------
Mon Mar 11 16:03:55 2024

Labelled data successfully saved to data\labelled-312-20240101.json

418 numbers of data within transportation turned into invalid.
------------------
Mon Mar 11 16:04:24 2024

Labelled data successfully saved to data\labelled-312-20240101.json

745 numbers of data within transportation turned into invalid.
------------------
Mon Mar 11 16:09:31 2024
------------------
Mon Mar 11 16:10:25 2024

Labelled data successfully saved to data\labelled-312-20240102.json

Successfully labelled. Totally 175 numbers of data labelled.
1 numbers of invalid (zero) data found.

Labelled data successfully saved to data\labelled-312-20240102.json


Labelled data successfully saved to data\labelled-312-20240102.json

800 numbers of data within transportation turned into invalid.
------------------
Mon Mar 11 17:18:14 2024

Labelled data successfully saved to data\labelled-312-20240101.json

Data on #312 20240101 resorted according to time.
------------------
Mon Mar 11 17:20:12 2024

Labelled data successfully saved to data\labelled-312-20240101.json

Data on #312 20240101 resorted according to time.

Labelled data successfully saved to data\labelled-312-20240101.json

Successfully labelled. Totally 174 numbers of data labelled.
0 numbers of invalid (zero) data found.

Labelled data successfully saved to data\labelled-312-20240101.json


Labelled data successfully saved to data\labelled-312-20240101.json

893 numbers of data within transportation turned into invalid.
------------------
Mon Mar 11 17:21:39 2024

Labelled data successfully saved to data\labelled-312-20240102.json

Data on #312 20240102 resorted according to time.

Labelled data successfully saved to data\labelled-312-20240102.json

Successfully labelled. Totally 175 numbers of data labelled.
1 numbers of invalid (zero) data found.

Labelled data successfully saved to data\labelled-312-20240102.json


Labelled data successfully saved to data\labelled-312-20240102.json

946 numbers of data within transportation turned into invalid.
------------------
Mon Mar 11 19:55:35 2024

Labelled data successfully saved to data\labelled-312-20240102.json

Data on #312 20240102 resorted according to time.
------------------
Mon Mar 11 19:56:03 2024

Labelled data successfully saved to data\labelled-312-20240102.json

Data on #312 20240102 resorted according to time.

Labelled data successfully saved to data\labelled-312-20240102.json

Successfully labelled. Totally 202 numbers of data labelled.
1 numbers of invalid (zero) data found.

Labelled data successfully saved to data\labelled-312-20240102.json


Labelled data successfully saved to data\labelled-312-20240102.json

1182 numbers of data without transportation turned into invalid.
------------------
Mon Mar 11 22:09:15 2024

Labelled data successfully saved to data\labelled-312-20240308.json

Data on #312 20240308 resorted according to time.

Labelled data successfully saved to data\labelled-312-20240308.json

Successfully labelled. Totally 0 numbers of data labelled.
2 numbers of invalid (zero) data found.

Labelled data successfully saved to data\labelled-312-20240308.json


Labelled data successfully saved to data\labelled-312-20240308.json

1441 numbers of data beyond transportation period turned into blank.
------------------
Mon Mar 11 22:09:28 2024

Labelled data successfully saved to data\labelled-312-20240309.json

Data on #312 20240309 resorted according to time.

Labelled data successfully saved to data\labelled-312-20240309.json

Successfully labelled. Totally 0 numbers of data labelled.
1 numbers of invalid (zero) data found.

Labelled data successfully saved to data\labelled-312-20240309.json


Labelled data successfully saved to data\labelled-312-20240309.json

1442 numbers of data beyond transportation period turned into blank.
------------------
Mon Mar 11 22:18:47 2024

Labelled data successfully saved to data\labelled-312-20240309.json

Data on #312 20240309 resorted according to time.

Labelled data successfully saved to data\labelled-312-20240309.json

Successfully labelled. Totally 0 numbers of data labelled.
1 numbers of invalid (zero) data found.

Labelled data successfully saved to data\labelled-312-20240309.json


Labelled data successfully saved to data\labelled-312-20240309.json

1442 numbers of data beyond transportation period turned into blank.
------------------
Mon Mar 11 22:18:55 2024

Labelled data successfully saved to data\labelled-312-20240308.json

Data on #312 20240308 resorted according to time.

Labelled data successfully saved to data\labelled-312-20240308.json

Successfully labelled. Totally 0 numbers of data labelled.
2 numbers of invalid (zero) data found.

Labelled data successfully saved to data\labelled-312-20240308.json


Labelled data successfully saved to data\labelled-312-20240308.json

1441 numbers of data beyond transportation period turned into blank.
------------------
Mon Mar 11 22:21:31 2024

Labelled data successfully saved to data\labelled-312-20240308.json

Data on #312 20240308 resorted according to time.

Labelled data successfully saved to data\labelled-312-20240308.json

Successfully labelled. Totally 0 numbers of data labelled.

Labelled data successfully saved to data\labelled-312-20240308.json

1441 numbers of data beyond transportation period turned into blank.
2 numbers of invalid (zero) data found.

Labelled data successfully saved to data\labelled-312-20240308.json

------------------
Mon Mar 11 22:21:45 2024

Labelled data successfully saved to data\labelled-312-20240309.json

Data on #312 20240309 resorted according to time.

Labelled data successfully saved to data\labelled-312-20240309.json

Successfully labelled. Totally 0 numbers of data labelled.

Labelled data successfully saved to data\labelled-312-20240309.json

1442 numbers of data beyond transportation period turned into blank.
1 numbers of invalid (zero) data found.

Labelled data successfully saved to data\labelled-312-20240309.json

------------------
Mon Mar 11 22:27:53 2024

Labelled data successfully saved to data\labelled-312-20240307.json

Data on #312 20240307 resorted according to time.

Labelled data successfully saved to data\labelled-312-20240307.json

Successfully labelled. Totally 0 numbers of data labelled.

Labelled data successfully saved to data\labelled-312-20240307.json

1442 numbers of data beyond transportation period turned into blank.
1 numbers of invalid (zero) data found.

Labelled data successfully saved to data\labelled-312-20240307.json

------------------
Mon Mar 11 22:28:13 2024

Labelled data successfully saved to data\labelled-312-20240101.json

Data on #312 20240101 resorted according to time.

Labelled data successfully saved to data\labelled-312-20240101.json

Successfully labelled. Totally 174 numbers of data labelled.

Labelled data successfully saved to data\labelled-312-20240101.json

893 numbers of data beyond transportation period turned into blank.
0 numbers of invalid (zero) data found.

Labelled data successfully saved to data\labelled-312-20240101.json

------------------
Mon Mar 11 22:28:19 2024

Labelled data successfully saved to data\labelled-312-20240102.json

Data on #312 20240102 resorted according to time.

Labelled data successfully saved to data\labelled-312-20240102.json

Successfully labelled. Totally 202 numbers of data labelled.

Labelled data successfully saved to data\labelled-312-20240102.json

1182 numbers of data beyond transportation period turned into blank.
2 numbers of invalid (zero) data found.

Labelled data successfully saved to data\labelled-312-20240102.json

------------------
Mon Mar 11 23:51:00 2024

Labelled data successfully saved to data\labelled-312-20240306.json

Data on #312 20240306 resorted according to time.

Labelled data successfully saved to data\labelled-312-20240306.json

Successfully labelled. Totally 0 numbers of data labelled.

Labelled data successfully saved to data\labelled-312-20240306.json

1442 numbers of data beyond transportation period turned into blank.
2 numbers of invalid (zero) data found.

Labelled data successfully saved to data\labelled-312-20240306.json

